TN:
SF:src/code_refactoring.js
FN:10,function_1
FN:14,function_add
FNF:2
FNH:0
FNDA:0,function_1
FNDA:0,function_add
DA:1,0
DA:3,0
DA:4,0
DA:6,0
DA:7,0
DA:15,0
DA:17,0
DA:20,0
DA:21,0
LF:9
LH:0
BRF:0
BRH:0
end_of_record
TN:
SF:src/intellisense-example.js
FN:1,Person
FN:22,paramsConversion
FNF:2
FNH:0
FNDA:0,Person
FNDA:0,paramsConversion
DA:2,0
DA:3,0
DA:11,0
DA:12,0
DA:23,0
LF:5
LH:0
BRF:0
BRH:0
end_of_record
TN:
SF:src/multiSelector.js
FN:4,Person
FN:9,(anonymous_1)
FNF:2
FNH:0
FNDA:0,Person
FNDA:0,(anonymous_1)
DA:5,0
DA:6,0
DA:9,0
DA:10,0
DA:13,0
DA:15,0
LF:6
LH:0
BRDA:5,0,0,0
BRDA:5,0,1,0
BRDA:6,1,0,0
BRDA:6,1,1,0
BRF:4
BRH:0
end_of_record
